C:\Program Files\Microsoft Visual Studio\2022\Community\MSBuild\Microsoft\VC\v170\Microsoft.CppBuild.targets(517,5): warning MSB8028: The intermediate directory (obj\x64\Debug\raylib-project\) contains files shared from another project (raylib-card-game.vcxproj, raylib-gui.vcxproj, raylib-hacker-battles.vcxproj, raylib-project.vcxproj).  This can lead to incorrect clean and rebuild behavior.
  game.cpp
C:\Users\Som\coding\cplusplus\raylib-gui-oprpg-app\raylib-master\src\raygui.h(2317,113): warning C4018: '<': signed/unsigned mismatch
C:\Users\Som\coding\cplusplus\raylib-gui-oprpg-app\raylib-master\src\raygui.h(2320,62): warning C4018: '>': signed/unsigned mismatch
C:\Users\Som\coding\cplusplus\raylib-gui-oprpg-app\raylib-master\src\raygui.h(2355,56): warning C4018: '<': signed/unsigned mismatch
C:\Users\Som\coding\cplusplus\raylib-gui-oprpg-app\raylib-master\src\raygui.h(2375,78): warning C4018: '<': signed/unsigned mismatch
C:\Users\Som\coding\cplusplus\raylib-gui-oprpg-app\raylib-master\src\raygui.h(2400,44): warning C4018: '>=': signed/unsigned mismatch
C:\Users\Som\coding\cplusplus\raylib-gui-oprpg-app\raylib-master\src\raygui.h(4147,5): warning C4065: switch statement contains 'default' but no 'case' labels
  input.cpp
  ui.cpp
C:\Users\Som\coding\cplusplus\raylib-gui-oprpg-app\game\src\ui.cpp(103,72): warning C4390: ';': empty controlled statement found; is this the intent?
C:\Users\Som\coding\cplusplus\raylib-gui-oprpg-app\game\src\ui.cpp(104,72): warning C4390: ';': empty controlled statement found; is this the intent?
C:\Users\Som\coding\cplusplus\raylib-gui-oprpg-app\game\src\ui.cpp(105,72): warning C4390: ';': empty controlled statement found; is this the intent?
C:\Users\Som\coding\cplusplus\raylib-gui-oprpg-app\game\src\ui.cpp(106,72): warning C4390: ';': empty controlled statement found; is this the intent?
C:\Users\Som\coding\cplusplus\raylib-gui-oprpg-app\game\src\ui.cpp(107,72): warning C4390: ';': empty controlled statement found; is this the intent?
C:\Users\Som\coding\cplusplus\raylib-gui-oprpg-app\game\src\ui.cpp(108,72): warning C4390: ';': empty controlled statement found; is this the intent?
C:\Users\Som\coding\cplusplus\raylib-gui-oprpg-app\game\src\ui.cpp(109,72): warning C4390: ';': empty controlled statement found; is this the intent?
C:\Users\Som\coding\cplusplus\raylib-gui-oprpg-app\game\src\ui.cpp(110,72): warning C4390: ';': empty controlled statement found; is this the intent?
C:\Users\Som\coding\cplusplus\raylib-gui-oprpg-app\game\src\ui.cpp(111,72): warning C4390: ';': empty controlled statement found; is this the intent?
C:\Users\Som\coding\cplusplus\raylib-gui-oprpg-app\game\src\ui.cpp(112,72): warning C4390: ';': empty controlled statement found; is this the intent?
C:\Users\Som\coding\cplusplus\raylib-gui-oprpg-app\game\src\ui.cpp(127,66): warning C4390: ';': empty controlled statement found; is this the intent?
C:\Users\Som\coding\cplusplus\raylib-gui-oprpg-app\game\src\ui.cpp(132,66): warning C4390: ';': empty controlled statement found; is this the intent?
C:\Users\Som\coding\cplusplus\raylib-gui-oprpg-app\game\src\ui.cpp(137,66): warning C4390: ';': empty controlled statement found; is this the intent?
  Generating Code...
  raylib-project.vcxproj -> C:\Users\Som\coding\cplusplus\raylib-gui-oprpg-app\_bin\Debug\raylib-gui.exe
