c:\users\som\coding\cplusplus\raylib-hacker-battles\_build\obj\x64\debug\raylib-project\vc143.pdb
c:\users\som\coding\cplusplus\raylib-hacker-battles\_build\obj\x64\debug\raylib-project\vc143.idb
c:\users\som\coding\cplusplus\raylib-hacker-battles\_build\obj\x64\debug\raylib-project\screen_title.obj
c:\users\som\coding\cplusplus\raylib-hacker-battles\_build\obj\x64\debug\raylib-project\screen_options.obj
c:\users\som\coding\cplusplus\raylib-hacker-battles\_build\obj\x64\debug\raylib-project\screen_logo.obj
c:\users\som\coding\cplusplus\raylib-hacker-battles\_build\obj\x64\debug\raylib-project\screen_gameplay.obj
c:\users\som\coding\cplusplus\raylib-hacker-battles\_build\obj\x64\debug\raylib-project\screen_ending.obj
c:\users\som\coding\cplusplus\raylib-hacker-battles\_build\obj\x64\debug\raylib-project\raylib_game.obj
c:\users\som\coding\cplusplus\raylib-hacker-battles\_build\obj\x64\debug\raylib-project\game.obj
c:\users\som\coding\cplusplus\raylib-hacker-battles\_bin\debug\raylib-project.exe
c:\users\som\coding\cplusplus\raylib-hacker-battles\_build\obj\x64\debug\raylib-project\raylib-project.ilk
c:\users\som\coding\cplusplus\raylib-hacker-battles\_bin\debug\raylib-project.pdb
c:\users\som\coding\cplusplus\raylib-hacker-battles\_build\obj\x64\debug\raylib-project\card.obj
c:\users\som\coding\cplusplus\raylib-hacker-battles\_build\obj\x64\debug\raylib-project\sprite.obj
c:\users\som\coding\cplusplus\raylib-hacker-battles\_build\obj\x64\debug\raylib-project\raylib-h.2c332c6f.tlog\cl.command.1.tlog
c:\users\som\coding\cplusplus\raylib-hacker-battles\_build\obj\x64\debug\raylib-project\raylib-h.2c332c6f.tlog\cl.read.1.tlog
c:\users\som\coding\cplusplus\raylib-hacker-battles\_build\obj\x64\debug\raylib-project\raylib-h.2c332c6f.tlog\cl.write.1.tlog
c:\users\som\coding\cplusplus\raylib-hacker-battles\_build\obj\x64\debug\raylib-project\raylib-h.2c332c6f.tlog\link.command.1.tlog
c:\users\som\coding\cplusplus\raylib-hacker-battles\_build\obj\x64\debug\raylib-project\raylib-h.2c332c6f.tlog\link.read.1.tlog
c:\users\som\coding\cplusplus\raylib-hacker-battles\_build\obj\x64\debug\raylib-project\raylib-h.2c332c6f.tlog\link.write.1.tlog
